#
# There is insufficient memory for the Java Runtime Environment to continue.
# Native memory allocation (malloc) failed to allocate 32744 bytes for ChunkPool::allocate
# Possible reasons:
#   The system is out of physical RAM or swap space
#   The process is running with CompressedOops enabled, and the Java Heap may be blocking the growth of the native heap
# Possible solutions:
#   Reduce memory load on the system
#   Increase physical memory or swap space
#   Check if swap backing store is full
#   Decrease Java heap size (-Xmx/-Xms)
#   Decrease number of Java threads
#   Decrease Java thread stack sizes (-Xss)
#   Set larger code cache with -XX:ReservedCodeCacheSize=
#   JVM is running with Unscaled Compressed Oops mode in which the Java heap is
#     placed in the first 4GB address space. The Java Heap base address is the
#     maximum limit for the native heap growth. Please use -XX:HeapBaseMinAddress
#     to set the Java Heap base and to place the Java Heap above 4GB virtual address.
# This output file may be truncated or incomplete.
#
#  Out of Memory Error (arena.cpp:78), pid=8964, tid=4692
#
# JRE version: OpenJDK Runtime Environment (17.0.2+8) (build 17.0.2+8-86)
# Java VM: OpenJDK 64-Bit Server VM (17.0.2+8-86, mixed mode, sharing, tiered, compressed oops, compressed class ptrs, g1 gc, windows-amd64)
# No core dump will be written. Minidumps are not enabled by default on client versions of Windows
#

---------------  S U M M A R Y ------------

Command Line: -javaagent:C:\Users\Gebruiker\Desktop\Tools\IntelliJ IDEA 2021.2.1\lib\idea_rt.jar=55579:C:\Users\Gebruiker\Desktop\Tools\IntelliJ IDEA 2021.2.1\bin -Dfile.encoding=UTF-8 practicumopdracht.Main

Host: Intel(R) Core(TM) i5-7200U CPU @ 2.50GHz, 4 cores, 3G,  Windows 10 , 64 bit Build 19041 (10.0.19041.1503)
Time: Wed Feb 23 19:59:58 2022 West-Europa (standaardtijd) elapsed time: 1700.976798 seconds (0d 0h 28m 20s)

---------------  T H R E A D  ---------------

Current thread (0x000001f7219096e0):  JavaThread "C1 CompilerThread0" daemon [_thread_in_native, id=4692, stack(0x000000be6da00000,0x000000be6db00000)]


Current CompileTask:
C1:1700977 2180   !   3      
[error occurred during error reporting (printing current compile task), id 0xe0000001, Out of Memory Error (t:\workspace\open\src\hotspot\share\memory\arena.cpp:78)]

Stack: [0x000000be6da00000,0x000000be6db00000]
Native frames: (J=compiled Java code, j=interpreted, Vv=VM code, C=native code)
V  [jvm.dll+0x670baa]
V  [jvm.dll+0x7cfcb4]
V  [jvm.dll+0x7d145e]
V  [jvm.dll+0x7d1ac3]
V  [jvm.dll+0x242bc5]
V  [jvm.dll+0xaa7c0]
V  [jvm.dll+0xaab0c]
V  [jvm.dll+0x73d66c]
V  [jvm.dll+0x73d759]
V  [jvm.dll+0x625ae9]
V  [jvm.dll+0x229296]
V  [jvm.dll+0x229817]
V  [jvm.dll+0x7cfb4a]
V  [jvm.dll+0x7d145e]
V  [jvm.dll+0x7d1ac3]
V  [jvm.dll+0x242bc5]
V  [jvm.dll+0xaa7c0]
V  [jvm.dll+0xaab0c]
V  [jvm.dll+0x16149e]
V  [jvm.dll+0x15b8be]
V  [jvm.dll+0x149bd0]
V  [jvm.dll+0x1327a7]
V  [jvm.dll+0x13212f]
V  [jvm.dll+0x132366]
V  [jvm.dll+0x1317fa]
V  [jvm.dll+0x1334c1]
V  [jvm.dll+0x224908]
V  [jvm.dll+0x222a6c]
V  [jvm.dll+0x7859bb]
V  [jvm.dll+0x77ff7a]
V  [jvm.dll+0x66fa35]
C  [ucrtbase.dll+0x21bb2]
C  [KERNEL32.DLL+0x17034]
C  [ntdll.dll+0x52651]


---------------  P R O C E S S  ---------------

Threads class SMR info:
_java_thread_list=0x000001f729c1eec0, length=20, elements={
0x000001f70675c7c0, 0x000001f7218eb260, 0x000001f7218ec870, 0x000001f7218fccf0,
0x000001f7219007c0, 0x000001f721901910, 0x000001f721903a70, 0x000001f7219084a0,
0x000001f7219096e0, 0x000001f72190e890, 0x000001f7224107e0, 0x000001f7224a63f0,
0x000001f7224f0c50, 0x000001f722572500, 0x000001f722caf9b0, 0x000001f722d4cf90,
0x000001f722d50c70, 0x000001f722f8e4b0, 0x000001f727ca4c20, 0x000001f727ca4280
}

Java Threads: ( => current thread )
  0x000001f70675c7c0 JavaThread "main" [_thread_blocked, id=10684, stack(0x000000be6cc00000,0x000000be6cd00000)]
  0x000001f7218eb260 JavaThread "Reference Handler" daemon [_thread_blocked, id=1304, stack(0x000000be6d300000,0x000000be6d400000)]
  0x000001f7218ec870 JavaThread "Finalizer" daemon [_thread_blocked, id=4772, stack(0x000000be6d400000,0x000000be6d500000)]
  0x000001f7218fccf0 JavaThread "Signal Dispatcher" daemon [_thread_blocked, id=3904, stack(0x000000be6d500000,0x000000be6d600000)]
  0x000001f7219007c0 JavaThread "Attach Listener" daemon [_thread_blocked, id=10312, stack(0x000000be6d600000,0x000000be6d700000)]
  0x000001f721901910 JavaThread "Service Thread" daemon [_thread_blocked, id=10820, stack(0x000000be6d700000,0x000000be6d800000)]
  0x000001f721903a70 JavaThread "Monitor Deflation Thread" daemon [_thread_blocked, id=11788, stack(0x000000be6d800000,0x000000be6d900000)]
  0x000001f7219084a0 JavaThread "C2 CompilerThread0" daemon [_thread_blocked, id=2584, stack(0x000000be6d900000,0x000000be6da00000)]
=>0x000001f7219096e0 JavaThread "C1 CompilerThread0" daemon [_thread_in_native, id=4692, stack(0x000000be6da00000,0x000000be6db00000)]
  0x000001f72190e890 JavaThread "Sweeper thread" daemon [_thread_blocked, id=2688, stack(0x000000be6db00000,0x000000be6dc00000)]
  0x000001f7224107e0 JavaThread "Common-Cleaner" daemon [_thread_blocked, id=2260, stack(0x000000be6dc00000,0x000000be6dd00000)]
  0x000001f7224a63f0 JavaThread "Monitor Ctrl-Break" daemon [_thread_in_native, id=11084, stack(0x000000be6dd00000,0x000000be6de00000)]
  0x000001f7224f0c50 JavaThread "Notification Thread" daemon [_thread_blocked, id=6856, stack(0x000000be6de00000,0x000000be6df00000)]
  0x000001f722572500 JavaThread "JavaFX-Launcher" [_thread_blocked, id=5640, stack(0x000000be6e000000,0x000000be6e100000)]
  0x000001f722caf9b0 JavaThread "QuantumRenderer-0" daemon [_thread_blocked, id=2768, stack(0x000000be6e100000,0x000000be6e200000)]
  0x000001f722d4cf90 JavaThread "InvokeLaterDispatcher" daemon [_thread_blocked, id=5176, stack(0x000000be6e200000,0x000000be6e300000)]
  0x000001f722d50c70 JavaThread "JavaFX Application Thread" [_thread_in_native, id=9064, stack(0x000000be6e300000,0x000000be6e400000)]
  0x000001f722f8e4b0 JavaThread "Thread-2" daemon [_thread_in_native, id=4516, stack(0x000000be6ea00000,0x000000be6eb00000)]
  0x000001f727ca4c20 JavaThread "Prism Font Disposer" daemon [_thread_blocked, id=3656, stack(0x000000be6ef00000,0x000000be6f000000)]
  0x000001f727ca4280 JavaThread "Cleaner-0" daemon [_thread_blocked, id=8708, stack(0x000000be6f000000,0x000000be6f100000)]

Other Threads:
  0x000001f7218e5600 VMThread "VM Thread" [stack: 0x000000be6d200000,0x000000be6d300000] [id=7200]
  0x000001f7224a68c0 WatcherThread [stack: 0x000000be6df00000,0x000000be6e000000] [id=12008]
  0x000001f70678ab30 GCTaskThread "GC Thread#0" [stack: 0x000000be6cd00000,0x000000be6ce00000] [id=1968]
  0x000001f722f10a90 GCTaskThread "GC Thread#1" [stack: 0x000000be6e700000,0x000000be6e800000] [id=3000]
  0x000001f722ee6a20 GCTaskThread "GC Thread#2" [stack: 0x000000be6e800000,0x000000be6e900000] [id=11980]
  0x000001f722ee6cd0 GCTaskThread "GC Thread#3" [stack: 0x000000be6e900000,0x000000be6ea00000] [id=12908]
  0x000001f7067936b0 ConcurrentGCThread "G1 Main Marker" [stack: 0x000000be6ce00000,0x000000be6cf00000] [id=11236]
  0x000001f7067940c0 ConcurrentGCThread "G1 Conc#0" [stack: 0x000000be6cf00000,0x000000be6d000000] [id=10824]
  0x000001f7067e2b50 ConcurrentGCThread "G1 Refine#0" [stack: 0x000000be6d000000,0x000000be6d100000] [id=8148]
  0x000001f7067e4580 ConcurrentGCThread "G1 Service" [stack: 0x000000be6d100000,0x000000be6d200000] [id=10828]

Threads with active compile tasks:
C1 CompilerThread0  1701095 2180   !   3       javafx.scene.Node::intersectsBounds (1005 bytes)

VM state: not at safepoint (normal execution)

VM Mutex/Monitor currently owned by a thread: None

Heap address: 0x00000000c1e00000, size: 994 MB, Compressed Oops mode: 32-bit

CDS archive(s) mapped at: [0x0000000800000000-0x0000000800bc0000-0x0000000800bc0000), size 12320768, SharedBaseAddress: 0x0000000800000000, ArchiveRelocationMode: 0.
Compressed class space mapped at: 0x0000000800c00000-0x0000000840c00000, reserved size: 1073741824
Narrow klass base: 0x0000000800000000, Narrow klass shift: 0, Narrow klass range: 0x100000000

GC Precious Log:
 CPUs: 4 total, 4 available
 Memory: 3975M
 Large Page Support: Disabled
 NUMA Support: Disabled
 Compressed Oops: Enabled (32-bit)
 Heap Region Size: 1M
 Heap Min Capacity: 8M
 Heap Initial Capacity: 64M
 Heap Max Capacity: 994M
 Pre-touch: Disabled
 Parallel Workers: 4
 Concurrent Workers: 1
 Concurrent Refinement Workers: 4
 Periodic GC: Disabled

Heap:
 garbage-first heap   total 65536K, used 27880K [0x00000000c1e00000, 0x0000000100000000)
  region size 1024K, 24 young (24576K), 2 survivors (2048K)
 Metaspace       used 14643K, committed 14784K, reserved 1064960K
  class space    used 2223K, committed 2304K, reserved 1048576K

Heap Regions: E=young(eden), S=young(survivor), O=old, HS=humongous(starts), HC=humongous(continues), CS=collection set, F=free, OA=open archive, CA=closed archive, TAMS=top-at-mark-start (previous, next)
|   0|0x00000000c1e00000, 0x00000000c1f00000, 0x00000000c1f00000|100%| O|  |TAMS 0x00000000c1e00000, 0x00000000c1e00000| Untracked 
|   1|0x00000000c1f00000, 0x00000000c2000000, 0x00000000c2000000|100%| O|  |TAMS 0x00000000c1f00000, 0x00000000c1f00000| Untracked 
|   2|0x00000000c2000000, 0x00000000c2100000, 0x00000000c2100000|100%| O|  |TAMS 0x00000000c2000000, 0x00000000c2000000| Untracked 
|   3|0x00000000c2100000, 0x00000000c213a000, 0x00000000c2200000| 22%| O|  |TAMS 0x00000000c2100000, 0x00000000c2100000| Untracked 
|   4|0x00000000c2200000, 0x00000000c2300000, 0x00000000c2300000|100%|HS|  |TAMS 0x00000000c2200000, 0x00000000c2200000| Complete 
|   5|0x00000000c2300000, 0x00000000c2400000, 0x00000000c2400000|100%|HC|  |TAMS 0x00000000c2300000, 0x00000000c2300000| Complete 
|   6|0x00000000c2400000, 0x00000000c2400000, 0x00000000c2500000|  0%| F|  |TAMS 0x00000000c2400000, 0x00000000c2400000| Untracked 
|   7|0x00000000c2500000, 0x00000000c2500000, 0x00000000c2600000|  0%| F|  |TAMS 0x00000000c2500000, 0x00000000c2500000| Untracked 
|   8|0x00000000c2600000, 0x00000000c2600000, 0x00000000c2700000|  0%| F|  |TAMS 0x00000000c2600000, 0x00000000c2600000| Untracked 
|   9|0x00000000c2700000, 0x00000000c2700000, 0x00000000c2800000|  0%| F|  |TAMS 0x00000000c2700000, 0x00000000c2700000| Untracked 
|  10|0x00000000c2800000, 0x00000000c2800000, 0x00000000c2900000|  0%| F|  |TAMS 0x00000000c2800000, 0x00000000c2800000| Untracked 
|  11|0x00000000c2900000, 0x00000000c2900000, 0x00000000c2a00000|  0%| F|  |TAMS 0x00000000c2900000, 0x00000000c2900000| Untracked 
|  12|0x00000000c2a00000, 0x00000000c2a00000, 0x00000000c2b00000|  0%| F|  |TAMS 0x00000000c2a00000, 0x00000000c2a00000| Untracked 
|  13|0x00000000c2b00000, 0x00000000c2b00000, 0x00000000c2c00000|  0%| F|  |TAMS 0x00000000c2b00000, 0x00000000c2b00000| Untracked 
|  14|0x00000000c2c00000, 0x00000000c2c00000, 0x00000000c2d00000|  0%| F|  |TAMS 0x00000000c2c00000, 0x00000000c2c00000| Untracked 
|  15|0x00000000c2d00000, 0x00000000c2d00000, 0x00000000c2e00000|  0%| F|  |TAMS 0x00000000c2d00000, 0x00000000c2d00000| Untracked 
|  16|0x00000000c2e00000, 0x00000000c2e00000, 0x00000000c2f00000|  0%| F|  |TAMS 0x00000000c2e00000, 0x00000000c2e00000| Untracked 
|  17|0x00000000c2f00000, 0x00000000c2f00000, 0x00000000c3000000|  0%| F|  |TAMS 0x00000000c2f00000, 0x00000000c2f00000| Untracked 
|  18|0x00000000c3000000, 0x00000000c3000000, 0x00000000c3100000|  0%| F|  |TAMS 0x00000000c3000000, 0x00000000c3000000| Untracked 
|  19|0x00000000c3100000, 0x00000000c3100000, 0x00000000c3200000|  0%| F|  |TAMS 0x00000000c3100000, 0x00000000c3100000| Untracked 
|  20|0x00000000c3200000, 0x00000000c3200000, 0x00000000c3300000|  0%| F|  |TAMS 0x00000000c3200000, 0x00000000c3200000| Untracked 
|  21|0x00000000c3300000, 0x00000000c3300000, 0x00000000c3400000|  0%| F|  |TAMS 0x00000000c3300000, 0x00000000c3300000| Untracked 
|  22|0x00000000c3400000, 0x00000000c3400000, 0x00000000c3500000|  0%| F|  |TAMS 0x00000000c3400000, 0x00000000c3400000| Untracked 
|  23|0x00000000c3500000, 0x00000000c3500000, 0x00000000c3600000|  0%| F|  |TAMS 0x00000000c3500000, 0x00000000c3500000| Untracked 
|  24|0x00000000c3600000, 0x00000000c3600000, 0x00000000c3700000|  0%| F|  |TAMS 0x00000000c3600000, 0x00000000c3600000| Untracked 
|  25|0x00000000c3700000, 0x00000000c3700000, 0x00000000c3800000|  0%| F|  |TAMS 0x00000000c3700000, 0x00000000c3700000| Untracked 
|  26|0x00000000c3800000, 0x00000000c3800000, 0x00000000c3900000|  0%| F|  |TAMS 0x00000000c3800000, 0x00000000c3800000| Untracked 
|  27|0x00000000c3900000, 0x00000000c3900000, 0x00000000c3a00000|  0%| F|  |TAMS 0x00000000c3900000, 0x00000000c3900000| Untracked 
|  28|0x00000000c3a00000, 0x00000000c3a00000, 0x00000000c3b00000|  0%| F|  |TAMS 0x00000000c3a00000, 0x00000000c3a00000| Untracked 
|  29|0x00000000c3b00000, 0x00000000c3b00000, 0x00000000c3c00000|  0%| F|  |TAMS 0x00000000c3b00000, 0x00000000c3b00000| Untracked 
|  30|0x00000000c3c00000, 0x00000000c3c00000, 0x00000000c3d00000|  0%| F|  |TAMS 0x00000000c3c00000, 0x00000000c3c00000| Untracked 
|  31|0x00000000c3d00000, 0x00000000c3d00000, 0x00000000c3e00000|  0%| F|  |TAMS 0x00000000c3d00000, 0x00000000c3d00000| Untracked 
|  32|0x00000000c3e00000, 0x00000000c3e00000, 0x00000000c3f00000|  0%| F|  |TAMS 0x00000000c3e00000, 0x00000000c3e00000| Untracked 
|  33|0x00000000c3f00000, 0x00000000c3f00000, 0x00000000c4000000|  0%| F|  |TAMS 0x00000000c3f00000, 0x00000000c3f00000| Untracked 
|  34|0x00000000c4000000, 0x00000000c4000000, 0x00000000c4100000|  0%| F|  |TAMS 0x00000000c4000000, 0x00000000c4000000| Untracked 
|  35|0x00000000c4100000, 0x00000000c4100000, 0x00000000c4200000|  0%| F|  |TAMS 0x00000000c4100000, 0x00000000c4100000| Untracked 
|  36|0x00000000c4200000, 0x00000000c4200000, 0x00000000c4300000|  0%| F|  |TAMS 0x00000000c4200000, 0x00000000c4200000| Untracked 
|  37|0x00000000c4300000, 0x00000000c4300000, 0x00000000c4400000|  0%| F|  |TAMS 0x00000000c4300000, 0x00000000c4300000| Untracked 
|  38|0x00000000c4400000, 0x00000000c4400000, 0x00000000c4500000|  0%| F|  |TAMS 0x00000000c4400000, 0x00000000c4400000| Untracked 
|  39|0x00000000c4500000, 0x00000000c4500000, 0x00000000c4600000|  0%| F|  |TAMS 0x00000000c4500000, 0x00000000c4500000| Untracked 
|  40|0x00000000c4600000, 0x00000000c468a1a8, 0x00000000c4700000| 53%| E|  |TAMS 0x00000000c4600000, 0x00000000c4600000| Complete 
|  41|0x00000000c4700000, 0x00000000c4800000, 0x00000000c4800000|100%| E|CS|TAMS 0x00000000c4700000, 0x00000000c4700000| Complete 
|  42|0x00000000c4800000, 0x00000000c4900000, 0x00000000c4900000|100%| E|CS|TAMS 0x00000000c4800000, 0x00000000c4800000| Complete 
|  43|0x00000000c4900000, 0x00000000c4a00000, 0x00000000c4a00000|100%| E|CS|TAMS 0x00000000c4900000, 0x00000000c4900000| Complete 
|  44|0x00000000c4a00000, 0x00000000c4b00000, 0x00000000c4b00000|100%| E|CS|TAMS 0x00000000c4a00000, 0x00000000c4a00000| Complete 
|  45|0x00000000c4b00000, 0x00000000c4c00000, 0x00000000c4c00000|100%| E|CS|TAMS 0x00000000c4b00000, 0x00000000c4b00000| Complete 
|  46|0x00000000c4c00000, 0x00000000c4d00000, 0x00000000c4d00000|100%| E|CS|TAMS 0x00000000c4c00000, 0x00000000c4c00000| Complete 
|  47|0x00000000c4d00000, 0x00000000c4e00000, 0x00000000c4e00000|100%| S|CS|TAMS 0x00000000c4d00000, 0x00000000c4d00000| Complete 
|  48|0x00000000c4e00000, 0x00000000c4f00000, 0x00000000c4f00000|100%| S|CS|TAMS 0x00000000c4e00000, 0x00000000c4e00000| Complete 
|  49|0x00000000c4f00000, 0x00000000c5000000, 0x00000000c5000000|100%| E|CS|TAMS 0x00000000c4f00000, 0x00000000c4f00000| Complete 
|  50|0x00000000c5000000, 0x00000000c5100000, 0x00000000c5100000|100%| E|CS|TAMS 0x00000000c5000000, 0x00000000c5000000| Complete 
|  51|0x00000000c5100000, 0x00000000c5200000, 0x00000000c5200000|100%| E|CS|TAMS 0x00000000c5100000, 0x00000000c5100000| Complete 
|  52|0x00000000c5200000, 0x00000000c5300000, 0x00000000c5300000|100%| E|CS|TAMS 0x00000000c5200000, 0x00000000c5200000| Complete 
|  53|0x00000000c5300000, 0x00000000c5400000, 0x00000000c5400000|100%| E|CS|TAMS 0x00000000c5300000, 0x00000000c5300000| Complete 
|  54|0x00000000c5400000, 0x00000000c5500000, 0x00000000c5500000|100%| E|CS|TAMS 0x00000000c5400000, 0x00000000c5400000| Complete 
|  55|0x00000000c5500000, 0x00000000c5600000, 0x00000000c5600000|100%| E|CS|TAMS 0x00000000c5500000, 0x00000000c5500000| Complete 
|  56|0x00000000c5600000, 0x00000000c5700000, 0x00000000c5700000|100%| E|CS|TAMS 0x00000000c5600000, 0x00000000c5600000| Complete 
|  57|0x00000000c5700000, 0x00000000c5800000, 0x00000000c5800000|100%| E|CS|TAMS 0x00000000c5700000, 0x00000000c5700000| Complete 
|  58|0x00000000c5800000, 0x00000000c5900000, 0x00000000c5900000|100%| E|CS|TAMS 0x00000000c5800000, 0x00000000c5800000| Complete 
|  59|0x00000000c5900000, 0x00000000c5a00000, 0x00000000c5a00000|100%| E|CS|TAMS 0x00000000c5900000, 0x00000000c5900000| Complete 
|  60|0x00000000c5a00000, 0x00000000c5b00000, 0x00000000c5b00000|100%| E|CS|TAMS 0x00000000c5a00000, 0x00000000c5a00000| Complete 
|  61|0x00000000c5b00000, 0x00000000c5c00000, 0x00000000c5c00000|100%| E|CS|TAMS 0x00000000c5b00000, 0x00000000c5b00000| Complete 
|  62|0x00000000c5c00000, 0x00000000c5d00000, 0x00000000c5d00000|100%| E|  |TAMS 0x00000000c5c00000, 0x00000000c5c00000| Complete 
|  63|0x00000000c5d00000, 0x00000000c5e00000, 0x00000000c5e00000|100%| E|CS|TAMS 0x00000000c5d00000, 0x00000000c5d00000| Complete 

Card table byte_map: [0x000001f71d1b0000,0x000001f71d3b0000] _byte_map_base: 0x000001f71cba1000

Marking Bits (Prev, Next): (CMBitMap*) 0x000001f70678b140, (CMBitMap*) 0x000001f70678b180
 Prev Bits: [0x000001f71d5b0000, 0x000001f71e538000)
 Next Bits: [0x000001f71e540000, 0x000001f71f4c8000)

Polling page: 0x000001f705f40000

Metaspace:

Usage:
  Non-class:     12.13 MB used.
      Class:      2.17 MB used.
       Both:     14.30 MB used.

Virtual space:
  Non-class space:       16.00 MB reserved,      12.19 MB ( 76%) committed,  2 nodes.
      Class space:        1.00 GB reserved,       2.25 MB ( <1%) committed,  1 nodes.
             Both:        1.02 GB reserved,      14.44 MB (  1%) committed. 

Chunk freelists:
   Non-Class:  3.19 MB
       Class:  1.77 MB
        Both:  4.95 MB

MaxMetaspaceSize: unlimited
CompressedClassSpaceSize: 1.00 GB
Initial GC threshold: 21.00 MB
Current GC threshold: 21.00 MB
CDS: on
MetaspaceReclaimPolicy: balanced
 - commit_granule_bytes: 65536.
 - commit_granule_words: 8192.
 - virtual_space_node_default_size: 1048576.
 - enlarge_chunks_in_place: 1.
 - new_chunks_are_fully_committed: 0.
 - uncommit_free_chunks: 1.
 - use_allocation_guard: 0.
 - handle_deallocations: 1.


Internal statistics:

num_allocs_failed_limit: 0.
num_arena_births: 150.
num_arena_deaths: 0.
num_vsnodes_births: 3.
num_vsnodes_deaths: 0.
num_space_committed: 231.
num_space_uncommitted: 0.
num_chunks_returned_to_freelist: 0.
num_chunks_taken_from_freelist: 620.
num_chunk_merges: 0.
num_chunk_splits: 436.
num_chunks_enlarged: 365.
num_purges: 0.
num_inconsistent_stats: 0.

CodeHeap 'non-profiled nmethods': size=120000Kb used=900Kb max_used=900Kb free=119100Kb
 bounds [0x000001f715a80000, 0x000001f715cf0000, 0x000001f71cfb0000]
CodeHeap 'profiled nmethods': size=120000Kb used=4146Kb max_used=4146Kb free=115853Kb
 bounds [0x000001f70e550000, 0x000001f70e960000, 0x000001f715a80000]
CodeHeap 'non-nmethods': size=5760Kb used=1428Kb max_used=1487Kb free=4331Kb
 bounds [0x000001f70dfb0000, 0x000001f70e220000, 0x000001f70e550000]
 total_blobs=2966 nmethods=2176 adapters=702
 compilation: enabled
              stopped_count=0, restarted_count=0
 full_count=0

Compilation events (20 events):
Event: 1700.947 Thread 0x000001f7219096e0 nmethod 2171 0x000001f70e952e10 code [0x000001f70e9530c0, 0x000001f70e953f98]
Event: 1700.947 Thread 0x000001f7219096e0 2172       3       com.sun.javafx.geom.transform.Identity::transform (20 bytes)
Event: 1700.948 Thread 0x000001f7219096e0 nmethod 2172 0x000001f70e954690 code [0x000001f70e954860, 0x000001f70e954c38]
Event: 1700.948 Thread 0x000001f7219096e0 2173       3       javafx.scene.Node::localToScene (21 bytes)
Event: 1700.949 Thread 0x000001f7219096e0 nmethod 2173 0x000001f70e954e10 code [0x000001f70e9550c0, 0x000001f70e956568]
Event: 1700.949 Thread 0x000001f7219096e0 2174       3       javafx.scene.Node::localToParent (15 bytes)
Event: 1700.949 Thread 0x000001f7219096e0 nmethod 2174 0x000001f70e956a10 code [0x000001f70e956bc0, 0x000001f70e956e58]
Event: 1700.949 Thread 0x000001f7219096e0 2176       3       javafx.scene.Node::getGeomBounds (141 bytes)
Event: 1700.951 Thread 0x000001f7219096e0 nmethod 2176 0x000001f70e956f90 code [0x000001f70e9572e0, 0x000001f70e958a98]
Event: 1700.951 Thread 0x000001f7219096e0 2179       3       com.sun.javafx.geom.transform.Translate2D::transform (48 bytes)
Event: 1700.952 Thread 0x000001f7219096e0 nmethod 2179 0x000001f70e959010 code [0x000001f70e9591c0, 0x000001f70e959478]
Event: 1700.952 Thread 0x000001f7219096e0 2178       3       com.sun.javafx.util.TempState::getInstance (10 bytes)
Event: 1700.954 Thread 0x000001f7219096e0 nmethod 2178 0x000001f70e959610 code [0x000001f70e9597c0, 0x000001f70e959a68]
Event: 1700.954 Thread 0x000001f7219096e0 2175       3       javafx.scene.Node::getLocalBounds (162 bytes)
Event: 1700.955 Thread 0x000001f7219096e0 nmethod 2175 0x000001f70e959b10 code [0x000001f70e959e80, 0x000001f70e95b738]
Event: 1700.955 Thread 0x000001f7219096e0 2177       3       javafx.scene.Node::updateGeomBounds (28 bytes)
Event: 1700.956 Thread 0x000001f7219096e0 nmethod 2177 0x000001f70e95bd10 code [0x000001f70e95bee0, 0x000001f70e95c218]
Event: 1700.956 Thread 0x000001f7219096e0 2181       3       com.sun.javafx.geom.transform.Translate2D::inverseTransform (48 bytes)
Event: 1700.956 Thread 0x000001f7219096e0 nmethod 2181 0x000001f70e95c390 code [0x000001f70e95c540, 0x000001f70e95c7f8]
Event: 1700.956 Thread 0x000001f7219096e0 2180   !   3       javafx.scene.Node::intersectsBounds (1005 bytes)

GC Heap History (4 events):
Event: 1.530 GC heap before
{Heap before GC invocations=0 (full 0):
 garbage-first heap   total 65536K, used 12288K [0x00000000c1e00000, 0x0000000100000000)
  region size 1024K, 13 young (13312K), 0 survivors (0K)
 Metaspace       used 4312K, committed 4544K, reserved 1056768K
  class space    used 433K, committed 512K, reserved 1048576K
}
Event: 1.536 GC heap after
{Heap after GC invocations=1 (full 0):
 garbage-first heap   total 65536K, used 3276K [0x00000000c1e00000, 0x0000000100000000)
  region size 1024K, 2 young (2048K), 2 survivors (2048K)
 Metaspace       used 4312K, committed 4544K, reserved 1056768K
  class space    used 433K, committed 512K, reserved 1048576K
}
Event: 2.007 GC heap before
{Heap before GC invocations=1 (full 0):
 garbage-first heap   total 65536K, used 15564K [0x00000000c1e00000, 0x0000000100000000)
  region size 1024K, 15 young (15360K), 2 survivors (2048K)
 Metaspace       used 8146K, committed 8320K, reserved 1064960K
  class space    used 1100K, committed 1216K, reserved 1048576K
}
Event: 2.012 GC heap after
{Heap after GC invocations=2 (full 0):
 garbage-first heap   total 65536K, used 5352K [0x00000000c1e00000, 0x0000000100000000)
  region size 1024K, 2 young (2048K), 2 survivors (2048K)
 Metaspace       used 8146K, committed 8320K, reserved 1064960K
  class space    used 1100K, committed 1216K, reserved 1048576K
}

Deoptimization events (20 events):
Event: 2.309 Thread 0x000001f722d50c70 Uncommon trap: trap_request=0xffffffde fr.pc=0x000001f715a98ea8 relative=0x00000000000001a8
Event: 2.309 Thread 0x000001f722d50c70 Uncommon trap: reason=class_check action=maybe_recompile pc=0x000001f715a98ea8 method=java.lang.String.equals(Ljava/lang/Object;)Z @ 8 c2
Event: 2.309 Thread 0x000001f722d50c70 DEOPT PACKING pc=0x000001f715a98ea8 sp=0x000000be6e3fccf0
Event: 2.309 Thread 0x000001f722d50c70 DEOPT UNPACKING pc=0x000001f70e0023a3 sp=0x000000be6e3fcc98 mode 2
Event: 2.491 Thread 0x000001f722d50c70 Uncommon trap: trap_request=0xffffff45 fr.pc=0x000001f715ad90b4 relative=0x00000000000001b4
Event: 2.491 Thread 0x000001f722d50c70 Uncommon trap: reason=unstable_if action=reinterpret pc=0x000001f715ad90b4 method=java.io.ByteArrayInputStream.read()I @ 8 c2
Event: 2.491 Thread 0x000001f722d50c70 DEOPT PACKING pc=0x000001f715ad90b4 sp=0x000000be6e3fb180
Event: 2.491 Thread 0x000001f722d50c70 DEOPT UNPACKING pc=0x000001f70e0023a3 sp=0x000000be6e3fb138 mode 2
Event: 2.492 Thread 0x000001f722d50c70 Uncommon trap: trap_request=0xffffff45 fr.pc=0x000001f715aacff4 relative=0x0000000000000074
Event: 2.492 Thread 0x000001f722d50c70 Uncommon trap: reason=unstable_if action=reinterpret pc=0x000001f715aacff4 method=jdk.internal.misc.Unsafe.convEndian(ZI)I @ 4 c2
Event: 2.492 Thread 0x000001f722d50c70 DEOPT PACKING pc=0x000001f715aacff4 sp=0x000000be6e3fb010
Event: 2.492 Thread 0x000001f722d50c70 DEOPT UNPACKING pc=0x000001f70e0023a3 sp=0x000000be6e3faf40 mode 2
Event: 2.555 Thread 0x000001f722d50c70 Uncommon trap: trap_request=0xffffff45 fr.pc=0x000001f715aea5ec relative=0x0000000000001bac
Event: 2.555 Thread 0x000001f722d50c70 Uncommon trap: reason=unstable_if action=reinterpret pc=0x000001f715aea5ec method=java.net.URL.<init>(Ljava/net/URL;Ljava/lang/String;Ljava/net/URLStreamHandler;)V @ 347 c2
Event: 2.555 Thread 0x000001f722d50c70 DEOPT PACKING pc=0x000001f715aea5ec sp=0x000000be6e3fc4a0
Event: 2.555 Thread 0x000001f722d50c70 DEOPT UNPACKING pc=0x000001f70e0023a3 sp=0x000000be6e3fc440 mode 2
Event: 3.111 Thread 0x000001f722caf9b0 DEOPT PACKING pc=0x000001f70e918901 sp=0x000000be6e1fdd10
Event: 3.111 Thread 0x000001f722caf9b0 DEOPT UNPACKING pc=0x000001f70e002b43 sp=0x000000be6e1fd178 mode 0
Event: 3.118 Thread 0x000001f722caf9b0 DEOPT PACKING pc=0x000001f70e918901 sp=0x000000be6e1fdd10
Event: 3.118 Thread 0x000001f722caf9b0 DEOPT UNPACKING pc=0x000001f70e002b43 sp=0x000000be6e1fd178 mode 0

Classes unloaded (0 events):
No events

Classes redefined (0 events):
No events

Internal exceptions (20 events):
Event: 0.889 Thread 0x000001f722572500 Exception <a 'java/lang/NoSuchMethodError'{0x00000000c5959550}: 'void java.lang.invoke.DirectMethodHandle$Holder.invokeSpecial(java.lang.Object, java.lang.Object, java.lang.Object)'> (0x00000000c5959550) 
thrown [t:\workspace\open\src\hotspot\share\interpreter\linkResolver.cpp, line 766]
Event: 0.901 Thread 0x000001f722572500 Exception <a 'java/lang/ClassNotFoundException'{0x00000000c59857b0}: sun/util/logging/resources/spi/loggingProvider> (0x00000000c59857b0) 
thrown [t:\workspace\open\src\hotspot\share\classfile\systemDictionary.cpp, line 256]
Event: 1.380 Thread 0x000001f722572500 Exception <a 'java/lang/NoSuchMethodError'{0x00000000c53a20d8}: 'void java.lang.invoke.DirectMethodHandle$Holder.invokeStatic(java.lang.Object, java.lang.Object, java.lang.Object)'> (0x00000000c53a20d8) 
thrown [t:\workspace\open\src\hotspot\share\interpreter\linkResolver.cpp, line 766]
Event: 1.432 Thread 0x000001f722572500 Exception <a 'java/lang/NoSuchMethodError'{0x00000000c53bbed0}: 'int java.lang.invoke.DirectMethodHandle$Holder.invokeStaticInit(java.lang.Object, java.lang.Object, java.lang.Object)'> (0x00000000c53bbed0) 
thrown [t:\workspace\open\src\hotspot\share\interpreter\linkResolver.cpp, line 766]
Event: 1.471 Thread 0x000001f722572500 Exception <a 'java/lang/NoSuchMethodError'{0x00000000c52e1098}: 'java.lang.Object java.lang.invoke.DirectMethodHandle$Holder.newInvokeSpecial(java.lang.Object, java.lang.Object, int, java.lang.Object)'> (0x00000000c52e1098) 
thrown [t:\workspace\open\src\hotspot\share\interpreter\linkResolver.cpp, line 766]
Event: 1.472 Thread 0x000001f722572500 Exception <a 'java/lang/NoSuchMethodError'{0x00000000c52e51d0}: 'java.lang.Object java.lang.invoke.DirectMethodHandle$Holder.invokeSpecial(java.lang.Object, java.lang.Object, java.lang.Object, int, java.lang.Object)'> (0x00000000c52e51d0) 
thrown [t:\workspace\open\src\hotspot\share\interpreter\linkResolver.cpp, line 766]
Event: 1.559 Thread 0x000001f722d50c70 Exception <a 'java/lang/NoSuchMethodError'{0x00000000c5c6e5d8}: 'void java.lang.invoke.DirectMethodHandle$Holder.invokeStaticInit(java.lang.Object)'> (0x00000000c5c6e5d8) 
thrown [t:\workspace\open\src\hotspot\share\interpreter\linkResolver.cpp, line 766]
Event: 1.564 Thread 0x000001f722572500 Exception <a 'java/lang/NoSuchMethodError'{0x00000000c5c9d410}: 'void java.lang.invoke.DirectMethodHandle$Holder.invokeStatic(java.lang.Object, java.lang.Object, java.lang.Object, java.lang.Object)'> (0x00000000c5c9d410) 
thrown [t:\workspace\open\src\hotspot\share\interpreter\linkResolver.cpp, line 766]
Event: 1.673 Thread 0x000001f722d50c70 Exception <a 'java/lang/NoSuchMethodError'{0x00000000c59744e0}: 'java.lang.Object java.lang.invoke.DirectMethodHandle$Holder.invokeStaticInit(java.lang.Object, java.lang.Object, java.lang.Object, java.lang.Object)'> (0x00000000c59744e0) 
thrown [t:\workspace\open\src\hotspot\share\interpreter\linkResolver.cpp, line 766]
Event: 1.707 Thread 0x000001f722d50c70 Exception <a 'java/lang/NullPointerException'{0x00000000c584b890}> (0x00000000c584b890) 
thrown [t:\workspace\open\src\hotspot\share\interpreter\linkResolver.cpp, line 1357]
Event: 1.752 Thread 0x000001f722d50c70 Exception <a 'java/lang/NoSuchMethodError'{0x00000000c5766680}: 'java.lang.Object java.lang.invoke.DirectMethodHandle$Holder.invokeInterface(java.lang.Object, java.lang.Object)'> (0x00000000c5766680) 
thrown [t:\workspace\open\src\hotspot\share\interpreter\linkResolver.cpp, line 766]
Event: 1.915 Thread 0x000001f722d50c70 Exception <a 'java/lang/NoSuchMethodError'{0x00000000c5209d28}: 'void java.lang.invoke.DirectMethodHandle$Holder.invokeStaticInit(java.lang.Object, java.lang.Object)'> (0x00000000c5209d28) 
thrown [t:\workspace\open\src\hotspot\share\interpreter\linkResolver.cpp, line 766]
Event: 1.936 Thread 0x000001f722d50c70 Exception <a 'java/lang/NoSuchMethodError'{0x00000000c52923d8}: 'void java.lang.invoke.DirectMethodHandle$Holder.invokeSpecial(java.lang.Object, java.lang.Object, java.lang.Object, java.lang.Object, java.lang.Object)'> (0x00000000c52923d8) 
thrown [t:\workspace\open\src\hotspot\share\interpreter\linkResolver.cpp, line 766]
Event: 2.072 Thread 0x000001f722d50c70 Implicit null exception at 0x000001f715adb60f to 0x000001f715adba60
Event: 2.290 Thread 0x000001f722d50c70 Exception <a 'java/lang/NoSuchMethodError'{0x00000000c5862888}: 'java.lang.Object java.lang.invoke.DirectMethodHandle$Holder.invokeInterface(java.lang.Object, java.lang.Object, java.lang.Object)'> (0x00000000c5862888) 
thrown [t:\workspace\open\src\hotspot\share\interpreter\linkResolver.cpp, line 766]
Event: 2.290 Thread 0x000001f722d50c70 Exception <a 'java/lang/IncompatibleClassChangeError'{0x00000000c5866210}: Found class java.lang.Object, but interface was expected> (0x00000000c5866210) 
thrown [t:\workspace\open\src\hotspot\share\interpreter\linkResolver.cpp, line 833]
Event: 2.373 Thread 0x000001f722d50c70 Exception <a 'java/lang/NoSuchMethodError'{0x00000000c57fdff8}: 'void java.lang.invoke.DirectMethodHandle$Holder.invokeSpecialIFC(java.lang.Object, java.lang.Object, java.lang.Object, java.lang.Object)'> (0x00000000c57fdff8) 
thrown [t:\workspace\open\src\hotspot\share\interpreter\linkResolver.cpp, line 766]
Event: 2.435 Thread 0x000001f722d50c70 Exception <a 'java/lang/NoSuchMethodError'{0x00000000c55d4d90}: 'int java.lang.invoke.DirectMethodHandle$Holder.invokeSpecial(java.lang.Object, java.lang.Object, int)'> (0x00000000c55d4d90) 
thrown [t:\workspace\open\src\hotspot\share\interpreter\linkResolver.cpp, line 766]
Event: 2.808 Thread 0x000001f722d50c70 Exception <a 'java/lang/NoSuchMethodError'{0x00000000c4a9ba98}: 'java.lang.Object java.lang.invoke.DirectMethodHandle$Holder.newInvokeSpecial(java.lang.Object, java.lang.Object, int)'> (0x00000000c4a9ba98) 
thrown [t:\workspace\open\src\hotspot\share\interpreter\linkResolver.cpp, line 766]
Event: 2.908 Thread 0x000001f722caf9b0 Exception <a 'java/lang/NoSuchMethodError'{0x00000000c49a4238}: 'int java.lang.invoke.DirectMethodHandle$Holder.invokeStaticInit(java.lang.Object, java.lang.Object)'> (0x00000000c49a4238) 
thrown [t:\workspace\open\src\hotspot\share\interpreter\linkResolver.cpp, line 766]

VM Operations (20 events):
Event: 0.940 Executing VM operation: HandshakeAllThreads
Event: 0.940 Executing VM operation: HandshakeAllThreads done
Event: 0.970 Executing VM operation: HandshakeAllThreads
Event: 0.970 Executing VM operation: HandshakeAllThreads done
Event: 1.453 Executing VM operation: HandshakeAllThreads
Event: 1.453 Executing VM operation: HandshakeAllThreads done
Event: 1.453 Executing VM operation: Cleanup
Event: 1.454 Executing VM operation: Cleanup done
Event: 1.530 Executing VM operation: G1CollectForAllocation
Event: 1.536 Executing VM operation: G1CollectForAllocation done
Event: 2.007 Executing VM operation: G1CollectForAllocation
Event: 2.012 Executing VM operation: G1CollectForAllocation done
Event: 2.627 Executing VM operation: HandshakeAllThreads
Event: 2.627 Executing VM operation: HandshakeAllThreads done
Event: 2.630 Executing VM operation: ICBufferFull
Event: 2.630 Executing VM operation: ICBufferFull done
Event: 3.630 Executing VM operation: Cleanup
Event: 3.630 Executing VM operation: Cleanup done
Event: 93.668 Executing VM operation: Cleanup
Event: 93.669 Executing VM operation: Cleanup done

Events (20 events):
Event: 2.986 loading class jdk/internal/ref/CleanerImpl$InnocuousThreadFactory
Event: 2.986 loading class jdk/internal/ref/CleanerImpl$InnocuousThreadFactory done
Event: 2.986 Thread 0x000001f727ca4280 Thread added: 0x000001f727ca4280
Event: 2.991 loading class jdk/internal/math/FDBigInteger
Event: 2.991 loading class jdk/internal/math/FDBigInteger done
Event: 2.999 loading class sun/misc/Unsafe
Event: 3.000 loading class sun/misc/Unsafe done
Event: 3.000 loading class jdk/internal/reflect/UnsafeFieldAccessorFactory
Event: 3.000 loading class jdk/internal/reflect/UnsafeFieldAccessorFactory done
Event: 3.000 loading class jdk/internal/reflect/UnsafeQualifiedStaticObjectFieldAccessorImpl
Event: 3.000 loading class jdk/internal/reflect/UnsafeQualifiedStaticFieldAccessorImpl
Event: 3.000 loading class jdk/internal/reflect/UnsafeQualifiedStaticFieldAccessorImpl done
Event: 3.000 loading class jdk/internal/reflect/UnsafeQualifiedStaticObjectFieldAccessorImpl done
Event: 4.064 Thread 0x000001f722f8e980 Thread exited: 0x000001f722f8e980
Event: 92.718 loading class java/util/EnumMap$Values
Event: 92.718 loading class java/util/EnumMap$Values done
Event: 92.718 loading class java/util/EnumMap$ValueIterator
Event: 92.718 loading class java/util/EnumMap$EnumMapIterator
Event: 92.718 loading class java/util/EnumMap$EnumMapIterator done
Event: 92.718 loading class java/util/EnumMap$ValueIterator done


Dynamic libraries:
0x00007ff70f350000 - 0x00007ff70f35e000 	C:\Users\Gebruiker\.jdks\openjdk-17.0.2\bin\java.exe
0x00007ff95f0f0000 - 0x00007ff95f2e5000 	C:\WINDOWS\SYSTEM32\ntdll.dll
0x00007ff95dca0000 - 0x00007ff95dd5e000 	C:\WINDOWS\System32\KERNEL32.DLL
0x00007ff95cbd0000 - 0x00007ff95ce98000 	C:\WINDOWS\System32\KERNELBASE.dll
0x00007ff95c970000 - 0x00007ff95ca70000 	C:\WINDOWS\System32\ucrtbase.dll
0x00007ff957d90000 - 0x00007ff957da8000 	C:\Users\Gebruiker\.jdks\openjdk-17.0.2\bin\jli.dll
0x00007ff95e110000 - 0x00007ff95e2b0000 	C:\WINDOWS\System32\USER32.dll
0x00007ff9576a0000 - 0x00007ff9576ba000 	C:\Users\Gebruiker\.jdks\openjdk-17.0.2\bin\VCRUNTIME140.dll
0x00007ff94d270000 - 0x00007ff94d50a000 	C:\WINDOWS\WinSxS\amd64_microsoft.windows.common-controls_6595b64144ccf1df_6.0.19041.1110_none_60b5254171f9507e\COMCTL32.dll
0x00007ff95c940000 - 0x00007ff95c962000 	C:\WINDOWS\System32\win32u.dll
0x00007ff95d140000 - 0x00007ff95d1de000 	C:\WINDOWS\System32\msvcrt.dll
0x00007ff95dd60000 - 0x00007ff95dd8b000 	C:\WINDOWS\System32\GDI32.dll
0x00007ff95c800000 - 0x00007ff95c90d000 	C:\WINDOWS\System32\gdi32full.dll
0x00007ff95cf10000 - 0x00007ff95cfad000 	C:\WINDOWS\System32\msvcp_win.dll
0x00007ff95ec40000 - 0x00007ff95ec70000 	C:\WINDOWS\System32\IMM32.DLL
0x00007ff959bb0000 - 0x00007ff959bbc000 	C:\Users\Gebruiker\.jdks\openjdk-17.0.2\bin\vcruntime140_1.dll
0x00007ff956fc0000 - 0x00007ff95704d000 	C:\Users\Gebruiker\.jdks\openjdk-17.0.2\bin\msvcp140.dll
0x00007ff90c2a0000 - 0x00007ff90ce61000 	C:\Users\Gebruiker\.jdks\openjdk-17.0.2\bin\server\jvm.dll
0x00007ff95dec0000 - 0x00007ff95df6e000 	C:\WINDOWS\System32\ADVAPI32.dll
0x00007ff95d700000 - 0x00007ff95d79c000 	C:\WINDOWS\System32\sechost.dll
0x00007ff95ed20000 - 0x00007ff95ee45000 	C:\WINDOWS\System32\RPCRT4.dll
0x00007ff95ef80000 - 0x00007ff95ef88000 	C:\WINDOWS\System32\PSAPI.DLL
0x00007ff94a9c0000 - 0x00007ff94a9c9000 	C:\WINDOWS\SYSTEM32\WSOCK32.dll
0x00007ff95eeb0000 - 0x00007ff95ef1b000 	C:\WINDOWS\System32\WS2_32.dll
0x00007ff94d6c0000 - 0x00007ff94d6e7000 	C:\WINDOWS\SYSTEM32\WINMM.dll
0x00007ff954fb0000 - 0x00007ff954fba000 	C:\WINDOWS\SYSTEM32\VERSION.dll
0x00007ff95b0d0000 - 0x00007ff95b0e2000 	C:\WINDOWS\SYSTEM32\kernel.appcore.dll
0x00007ff957690000 - 0x00007ff95769a000 	C:\Users\Gebruiker\.jdks\openjdk-17.0.2\bin\jimage.dll
0x00007ff95ad80000 - 0x00007ff95af64000 	C:\WINDOWS\SYSTEM32\DBGHELP.DLL
0x00007ff949660000 - 0x00007ff94968c000 	C:\WINDOWS\SYSTEM32\dbgcore.DLL
0x00007ff95d0b0000 - 0x00007ff95d132000 	C:\WINDOWS\System32\bcryptPrimitives.dll
0x00007ff957680000 - 0x00007ff95768e000 	C:\Users\Gebruiker\.jdks\openjdk-17.0.2\bin\instrument.dll
0x00007ff957650000 - 0x00007ff957675000 	C:\Users\Gebruiker\.jdks\openjdk-17.0.2\bin\java.dll
0x00007ff940e80000 - 0x00007ff940f56000 	C:\Users\Gebruiker\.jdks\openjdk-17.0.2\bin\jsvml.dll
0x00007ff95e340000 - 0x00007ff95ea84000 	C:\WINDOWS\System32\SHELL32.dll
0x00007ff95a5e0000 - 0x00007ff95ad74000 	C:\WINDOWS\SYSTEM32\windows.storage.dll
0x00007ff95d940000 - 0x00007ff95dc95000 	C:\WINDOWS\System32\combase.dll
0x00007ff95c250000 - 0x00007ff95c27e000 	C:\WINDOWS\SYSTEM32\Wldp.dll
0x00007ff95ec70000 - 0x00007ff95ed1d000 	C:\WINDOWS\System32\SHCORE.dll
0x00007ff95ee50000 - 0x00007ff95eea5000 	C:\WINDOWS\System32\shlwapi.dll
0x00007ff95c740000 - 0x00007ff95c75f000 	C:\WINDOWS\SYSTEM32\profapi.dll
0x00007ff957380000 - 0x00007ff957398000 	C:\Users\Gebruiker\.jdks\openjdk-17.0.2\bin\zip.dll
0x00007ff956e60000 - 0x00007ff956e79000 	C:\Users\Gebruiker\.jdks\openjdk-17.0.2\bin\net.dll
0x00007ff94da40000 - 0x00007ff94db4c000 	C:\WINDOWS\SYSTEM32\WINHTTP.dll
0x00007ff95bfb0000 - 0x00007ff95c01a000 	C:\WINDOWS\system32\mswsock.dll
0x00007ff956e40000 - 0x00007ff956e56000 	C:\Users\Gebruiker\.jdks\openjdk-17.0.2\bin\nio.dll
0x00007ff955e60000 - 0x00007ff955e7a000 	C:\Users\Gebruiker\Desktop\Tools\IntelliJ IDEA 2021.2.1\bin\breakgen64.dll
0x000001f7066f0000 - 0x000001f7066f3000 	C:\Users\Gebruiker\.openjfx\cache\17.0.2-ea\api-ms-win-core-console-l1-1-0.dll
0x000001f706700000 - 0x000001f706703000 	C:\Users\Gebruiker\.openjfx\cache\17.0.2-ea\api-ms-win-core-console-l1-2-0.dll
0x000001f706710000 - 0x000001f706713000 	C:\Users\Gebruiker\.openjfx\cache\17.0.2-ea\api-ms-win-core-datetime-l1-1-0.dll
0x000001f706720000 - 0x000001f706723000 	C:\Users\Gebruiker\.openjfx\cache\17.0.2-ea\api-ms-win-core-debug-l1-1-0.dll
0x000001f706730000 - 0x000001f706733000 	C:\Users\Gebruiker\.openjfx\cache\17.0.2-ea\api-ms-win-core-errorhandling-l1-1-0.dll
0x000001f721b20000 - 0x000001f721b24000 	C:\Users\Gebruiker\.openjfx\cache\17.0.2-ea\api-ms-win-core-file-l1-1-0.dll
0x000001f721b30000 - 0x000001f721b33000 	C:\Users\Gebruiker\.openjfx\cache\17.0.2-ea\api-ms-win-core-file-l1-2-0.dll
0x000001f721b40000 - 0x000001f721b43000 	C:\Users\Gebruiker\.openjfx\cache\17.0.2-ea\api-ms-win-core-file-l2-1-0.dll
0x000001f721b50000 - 0x000001f721b53000 	C:\Users\Gebruiker\.openjfx\cache\17.0.2-ea\api-ms-win-core-handle-l1-1-0.dll
0x000001f721b60000 - 0x000001f721b63000 	C:\Users\Gebruiker\.openjfx\cache\17.0.2-ea\api-ms-win-core-heap-l1-1-0.dll
0x000001f721b70000 - 0x000001f721b73000 	C:\Users\Gebruiker\.openjfx\cache\17.0.2-ea\api-ms-win-core-interlocked-l1-1-0.dll
0x000001f721b80000 - 0x000001f721b83000 	C:\Users\Gebruiker\.openjfx\cache\17.0.2-ea\api-ms-win-core-libraryloader-l1-1-0.dll
0x000001f721b90000 - 0x000001f721b93000 	C:\Users\Gebruiker\.openjfx\cache\17.0.2-ea\api-ms-win-core-localization-l1-2-0.dll
0x000001f721ba0000 - 0x000001f721ba3000 	C:\Users\Gebruiker\.openjfx\cache\17.0.2-ea\api-ms-win-core-memory-l1-1-0.dll
0x000001f721bb0000 - 0x000001f721bb3000 	C:\Users\Gebruiker\.openjfx\cache\17.0.2-ea\api-ms-win-core-namedpipe-l1-1-0.dll
0x000001f721bc0000 - 0x000001f721bc3000 	C:\Users\Gebruiker\.openjfx\cache\17.0.2-ea\api-ms-win-core-processenvironment-l1-1-0.dll
0x000001f721bd0000 - 0x000001f721bd3000 	C:\Users\Gebruiker\.openjfx\cache\17.0.2-ea\api-ms-win-core-processthreads-l1-1-0.dll
0x000001f721be0000 - 0x000001f721be3000 	C:\Users\Gebruiker\.openjfx\cache\17.0.2-ea\api-ms-win-core-processthreads-l1-1-1.dll
0x000001f723010000 - 0x000001f723013000 	C:\Users\Gebruiker\.openjfx\cache\17.0.2-ea\api-ms-win-core-profile-l1-1-0.dll
0x000001f723020000 - 0x000001f723023000 	C:\Users\Gebruiker\.openjfx\cache\17.0.2-ea\api-ms-win-core-rtlsupport-l1-1-0.dll
0x000001f723030000 - 0x000001f723033000 	C:\Users\Gebruiker\.openjfx\cache\17.0.2-ea\api-ms-win-core-string-l1-1-0.dll
0x000001f723040000 - 0x000001f723043000 	C:\Users\Gebruiker\.openjfx\cache\17.0.2-ea\api-ms-win-core-synch-l1-1-0.dll
0x000001f721bf0000 - 0x000001f721bf3000 	C:\Users\Gebruiker\.openjfx\cache\17.0.2-ea\api-ms-win-core-synch-l1-2-0.dll
0x000001f723000000 - 0x000001f723003000 	C:\Users\Gebruiker\.openjfx\cache\17.0.2-ea\api-ms-win-core-sysinfo-l1-1-0.dll
0x000001f723050000 - 0x000001f723053000 	C:\Users\Gebruiker\.openjfx\cache\17.0.2-ea\api-ms-win-core-timezone-l1-1-0.dll
0x000001f723060000 - 0x000001f723063000 	C:\Users\Gebruiker\.openjfx\cache\17.0.2-ea\api-ms-win-core-util-l1-1-0.dll
0x000001f723070000 - 0x000001f723073000 	C:\Users\Gebruiker\.openjfx\cache\17.0.2-ea\api-ms-win-crt-conio-l1-1-0.dll
0x000001f723080000 - 0x000001f723084000 	C:\Users\Gebruiker\.openjfx\cache\17.0.2-ea\api-ms-win-crt-convert-l1-1-0.dll
0x000001f723090000 - 0x000001f723093000 	C:\Users\Gebruiker\.openjfx\cache\17.0.2-ea\api-ms-win-crt-environment-l1-1-0.dll
0x000001f7230a0000 - 0x000001f7230a3000 	C:\Users\Gebruiker\.openjfx\cache\17.0.2-ea\api-ms-win-crt-filesystem-l1-1-0.dll
0x000001f7230b0000 - 0x000001f7230b3000 	C:\Users\Gebruiker\.openjfx\cache\17.0.2-ea\api-ms-win-crt-heap-l1-1-0.dll
0x000001f7230c0000 - 0x000001f7230c3000 	C:\Users\Gebruiker\.openjfx\cache\17.0.2-ea\api-ms-win-crt-locale-l1-1-0.dll
0x000001f7230d0000 - 0x000001f7230d5000 	C:\Users\Gebruiker\.openjfx\cache\17.0.2-ea\api-ms-win-crt-math-l1-1-0.dll
0x000001f7230e0000 - 0x000001f7230e5000 	C:\Users\Gebruiker\.openjfx\cache\17.0.2-ea\api-ms-win-crt-multibyte-l1-1-0.dll
0x000001f7230f0000 - 0x000001f723100000 	C:\Users\Gebruiker\.openjfx\cache\17.0.2-ea\api-ms-win-crt-private-l1-1-0.dll
0x000001f723100000 - 0x000001f723103000 	C:\Users\Gebruiker\.openjfx\cache\17.0.2-ea\api-ms-win-crt-process-l1-1-0.dll
0x000001f723110000 - 0x000001f723114000 	C:\Users\Gebruiker\.openjfx\cache\17.0.2-ea\api-ms-win-crt-runtime-l1-1-0.dll
0x000001f723120000 - 0x000001f723124000 	C:\Users\Gebruiker\.openjfx\cache\17.0.2-ea\api-ms-win-crt-stdio-l1-1-0.dll
0x000001f723130000 - 0x000001f723134000 	C:\Users\Gebruiker\.openjfx\cache\17.0.2-ea\api-ms-win-crt-string-l1-1-0.dll
0x000001f723140000 - 0x000001f723143000 	C:\Users\Gebruiker\.openjfx\cache\17.0.2-ea\api-ms-win-crt-time-l1-1-0.dll
0x000001f723150000 - 0x000001f723153000 	C:\Users\Gebruiker\.openjfx\cache\17.0.2-ea\api-ms-win-crt-utility-l1-1-0.dll
0x00007ff92c440000 - 0x00007ff92c53c000 	C:\Users\Gebruiker\.openjfx\cache\17.0.2-ea\ucrtbase.dll
0x00007ff93a040000 - 0x00007ff93a05a000 	C:\Users\Gebruiker\.openjfx\cache\17.0.2-ea\vcruntime140.dll
0x00007ff93ce50000 - 0x00007ff93ce5c000 	C:\Users\Gebruiker\.openjfx\cache\17.0.2-ea\vcruntime140_1.dll
0x00007ff92c0c0000 - 0x00007ff92c14d000 	C:\Users\Gebruiker\.openjfx\cache\17.0.2-ea\msvcp140.dll
0x00007ff9373d0000 - 0x00007ff9373fa000 	C:\Users\Gebruiker\.openjfx\cache\17.0.2-ea\prism_d3d.dll
0x00007ff94e5c0000 - 0x00007ff94e790000 	C:\WINDOWS\system32\d3d9.dll
0x00007ff95a160000 - 0x00007ff95a18f000 	C:\WINDOWS\SYSTEM32\dwmapi.dll
0x00007ff959e60000 - 0x00007ff959efe000 	C:\WINDOWS\system32\uxtheme.dll
0x00007ff92bf50000 - 0x00007ff92c0b1000 	C:\WINDOWS\System32\DriverStore\FileRepository\igdlh64.inf_amd64_baab50003164cdd5\igdumdim64.dll
0x00007ff8febd0000 - 0x00007ff9024f2000 	C:\WINDOWS\System32\DriverStore\FileRepository\igdlh64.inf_amd64_baab50003164cdd5\igd9dxva64.dll
0x00007ff95dd90000 - 0x00007ff95deba000 	C:\WINDOWS\System32\ole32.dll
0x00007ff95dfd0000 - 0x00007ff95e09d000 	C:\WINDOWS\System32\OLEAUT32.dll
0x00007ff95d1e0000 - 0x00007ff95d652000 	C:\WINDOWS\System32\SETUPAPI.dll
0x00007ff95d060000 - 0x00007ff95d0ae000 	C:\WINDOWS\System32\cfgmgr32.dll
0x00007ff95c910000 - 0x00007ff95c937000 	C:\WINDOWS\System32\bcrypt.dll
0x00007ff951d30000 - 0x00007ff951ed7000 	C:\WINDOWS\System32\DriverStore\FileRepository\igdlh64.inf_amd64_baab50003164cdd5\igdgmm64.dll
0x00007ff936ca0000 - 0x00007ff936ce2000 	C:\Users\Gebruiker\.openjfx\cache\17.0.2-ea\glass.dll
0x00007ff95d850000 - 0x00007ff95d92a000 	C:\WINDOWS\System32\COMDLG32.dll
0x00007ff95ef90000 - 0x00007ff95f0a6000 	C:\WINDOWS\System32\MSCTF.dll
0x00007ff93b8f0000 - 0x00007ff93b918000 	C:\WINDOWS\System32\DriverStore\FileRepository\igdlh64.inf_amd64_baab50003164cdd5\igdinfo64.dll
0x00007ff94f260000 - 0x00007ff951b4a000 	C:\WINDOWS\System32\DriverStore\FileRepository\igdlh64.inf_amd64_baab50003164cdd5\igc64.dll
0x00007ff953980000 - 0x00007ff9539bb000 	C:\WINDOWS\SYSTEM32\dxcore.dll
0x00007ff93a020000 - 0x00007ff93a034000 	C:\Users\Gebruiker\.openjfx\cache\17.0.2-ea\javafx_font.dll
0x00007ff93e210000 - 0x00007ff93e493000 	C:\WINDOWS\SYSTEM32\dwrite.dll
0x00007ff95d7a0000 - 0x00007ff95d849000 	C:\WINDOWS\System32\clbcatq.dll
0x00007ff956210000 - 0x00007ff9563c4000 	C:\WINDOWS\SYSTEM32\WindowsCodecs.dll
0x00007ff93b640000 - 0x00007ff93b67e000 	C:\WINDOWS\system32\dataexchange.dll
0x00007ff957f40000 - 0x00007ff9581a4000 	C:\WINDOWS\system32\d3d11.dll
0x00007ff95b0f0000 - 0x00007ff95b1e4000 	C:\WINDOWS\system32\dxgi.dll
0x00007ff958eb0000 - 0x00007ff959095000 	C:\WINDOWS\system32\dcomp.dll
0x00007ff956600000 - 0x00007ff956801000 	C:\WINDOWS\system32\twinapi.appcore.dll
0x00007ff936b40000 - 0x00007ff936b74000 	C:\Program Files\Common Files\Microsoft Shared\Ink\rtscom.dll
0x00007ff9448d0000 - 0x00007ff9449c9000 	C:\WINDOWS\SYSTEM32\textinputframework.dll
0x00007ff959530000 - 0x00007ff95988e000 	C:\WINDOWS\System32\CoreUIComponents.dll
0x00007ff959890000 - 0x00007ff959982000 	C:\WINDOWS\System32\CoreMessaging.dll
0x00007ff95b4f0000 - 0x00007ff95b523000 	C:\WINDOWS\SYSTEM32\ntmarta.dll
0x00007ff958c10000 - 0x00007ff958d64000 	C:\WINDOWS\SYSTEM32\wintypes.dll

dbghelp: loaded successfully - version: 4.0.5 - missing functions: none
symbol engine: initialized successfully - sym options: 0x614 - pdb path: (cannot be retrieved)

VM Arguments:
jvm_args: -javaagent:C:\Users\Gebruiker\Desktop\Tools\IntelliJ IDEA 2021.2.1\lib\idea_rt.jar=55579:C:\Users\Gebruiker\Desktop\Tools\IntelliJ IDEA 2021.2.1\bin -Dfile.encoding=UTF-8 
java_command: practicumopdracht.Main
java_class_path (initial): C:\Users\Gebruiker\Desktop\student-11\target\classes;C:\Users\Gebruiker\.m2\repository\org\openjfx\javafx-controls\17.0.2\javafx-controls-17.0.2.jar;C:\Users\Gebruiker\.m2\repository\org\openjfx\javafx-controls\17.0.2\javafx-controls-17.0.2-win.jar;C:\Users\Gebruiker\.m2\repository\org\openjfx\javafx-graphics\17.0.2\javafx-graphics-17.0.2.jar;C:\Users\Gebruiker\.m2\repository\org\openjfx\javafx-graphics\17.0.2\javafx-graphics-17.0.2-win.jar;C:\Users\Gebruiker\.m2\repository\org\openjfx\javafx-base\17.0.2\javafx-base-17.0.2.jar;C:\Users\Gebruiker\.m2\repository\org\openjfx\javafx-base\17.0.2\javafx-base-17.0.2-win.jar
Launcher Type: SUN_STANDARD

[Global flags]
     intx CICompilerCount                          = 3                                         {product} {ergonomic}
     uint ConcGCThreads                            = 1                                         {product} {ergonomic}
     uint G1ConcRefinementThreads                  = 4                                         {product} {ergonomic}
   size_t G1HeapRegionSize                         = 1048576                                   {product} {ergonomic}
    uintx GCDrainStackTargetSize                   = 64                                        {product} {ergonomic}
   size_t InitialHeapSize                          = 67108864                                  {product} {ergonomic}
   size_t MarkStackSize                            = 4194304                                   {product} {ergonomic}
   size_t MaxHeapSize                              = 1042284544                                {product} {ergonomic}
   size_t MaxNewSize                               = 624951296                                 {product} {ergonomic}
   size_t MinHeapDeltaBytes                        = 1048576                                   {product} {ergonomic}
   size_t MinHeapSize                              = 8388608                                   {product} {ergonomic}
    uintx NonNMethodCodeHeapSize                   = 5832780                                {pd product} {ergonomic}
    uintx NonProfiledCodeHeapSize                  = 122912730                              {pd product} {ergonomic}
    uintx ProfiledCodeHeapSize                     = 122912730                              {pd product} {ergonomic}
    uintx ReservedCodeCacheSize                    = 251658240                              {pd product} {ergonomic}
     bool SegmentedCodeCache                       = true                                      {product} {ergonomic}
   size_t SoftMaxHeapSize                          = 1042284544                             {manageable} {ergonomic}
     bool UseCompressedClassPointers               = true                           {product lp64_product} {ergonomic}
     bool UseCompressedOops                        = true                           {product lp64_product} {ergonomic}
     bool UseG1GC                                  = true                                      {product} {ergonomic}
     bool UseLargePagesIndividualAllocation        = false                                  {pd product} {ergonomic}

Logging:
Log output configuration:
 #0: stdout all=warning uptime,level,tags
 #1: stderr all=off uptime,level,tags

Environment Variables:
PATH=C:\Program Files\Common Files\Oracle\Java\javapath;C:\WINDOWS\system32;C:\WINDOWS;C:\WINDOWS\System32\Wbem;C:\WINDOWS\System32\WindowsPowerShell\v1.0\;C:\WINDOWS\System32\OpenSSH\;C:\Program Files\Intel\WiFi\bin\;C:\Program Files\Common Files\Intel\WirelessCommon\;C:\Program Files\Git\cmd;C:\Users\Gebruiker\AppData\Local\Microsoft\WindowsApps;C:\Users\Gebruiker\AppData\Local\Microsoft\WindowsApps;C:\Users\Gebruiker\AppData\Local\atom\bin
USERNAME=Gebruiker
OS=Windows_NT
PROCESSOR_IDENTIFIER=Intel64 Family 6 Model 142 Stepping 9, GenuineIntel



---------------  S Y S T E M  ---------------

OS:
 Windows 10 , 64 bit Build 19041 (10.0.19041.1503)
OS uptime: 0 days 1:15 hours

CPU: total 4 (initial active 4) (2 cores per cpu, 2 threads per core) family 6 model 142 stepping 9 microcode 0xb4, cx8, cmov, fxsr, ht, mmx, 3dnowpref, sse, sse2, sse3, ssse3, sse4.1, sse4.2, popcnt, lzcnt, tsc, tscinvbit, avx, avx2, aes, erms, clmul, bmi1, bmi2, adx, fma, vzeroupper, clflush, clflushopt

Memory: 4k page, system-wide physical 3975M (294M free)
TotalPageFile size 16263M (AvailPageFile size 0M)
current process WorkingSet (physical memory assigned to process): 44M, peak: 152M
current process commit charge ("private bytes"): 194M, peak: 221M

vm_info: OpenJDK 64-Bit Server VM (17.0.2+8-86) for windows-amd64 JRE (17.0.2+8-86), built on Dec  7 2021 21:49:10 by "mach5one" with MS VC++ 16.8 / 16.9 (VS2019)

END.
